<?xml version="1.0" encoding="UTF-8"?>
<testsuite xmlns:xsi="http://www.w3.org/2001/XMLSchema-instance" xsi:noNamespaceSchemaLocation="https://maven.apache.org/surefire/maven-surefire-plugin/xsd/surefire-test-report-3.0.xsd" version="3.0" name="com.henao.literalura.app.PrincipalTest" time="2.989" tests="10" errors="0" skipped="0" failures="0">
  <properties>
[...]
</properties>
  <testcase name="testMenuMuestraOpciones" classname="com.henao.literalura.app.PrincipalTest" time="2.734">
    <system-err><![CDATA[Mockito is currently self-attaching to enable the inline-mock-maker. This will no longer work in future releases of the JDK. Please add Mockito as an agent to your build what is described in Mockito's documentation: https://javadoc.io/doc/org.mockito/mockito-core/latest/org/mockito/Mockito.html#0.3
WARNING: A Java agent has been loaded dynamically (C:\Users\henao\.m2\repository\net\bytebuddy\byte-buddy-agent\1.15.11\byte-buddy-agent-1.15.11.jar)
WARNING: If a serviceability tool is in use, please run with -XX:+EnableDynamicAgentLoading to hide this warning
WARNING: If a serviceability tool is not in use, please run with -Djdk.instrument.traceUsage for more information
WARNING: Dynamic loading of agents will be disallowed by default in a future release
]]></system-err>
  </testcase>
  <testcase name="testMostrarAutores" classname="com.henao.literalura.app.PrincipalTest" time="0.084"/>
  <testcase name="testOpcionInvalida" classname="com.henao.literalura.app.PrincipalTest" time="0.006"/>
  <testcase name="testMostrarAutoresVivos_AnioValido" classname="com.henao.literalura.app.PrincipalTest" time="0.019"/>
  <testcase name="testGetDatosLibro_NombreVacio" classname="com.henao.literalura.app.PrincipalTest" time="0.006"/>
  <testcase name="testGetDatosLibro_NoEncuentraLibros" classname="com.henao.literalura.app.PrincipalTest" time="0.034"/>
  <testcase name="testMostrarAutoresVivos_AnioInvalido" classname="com.henao.literalura.app.PrincipalTest" time="0.007"/>
  <testcase name="testMostrarLibrosPorIdioma" classname="com.henao.literalura.app.PrincipalTest" time="0.008"/>
  <testcase name="testMostrarLibros" classname="com.henao.literalura.app.PrincipalTest" time="0.007"/>
  <testcase name="testMostrarLibrosPorIdioma_Invalido" classname="com.henao.literalura.app.PrincipalTest" time="0.007"/>
</testsuite>